<?xml version="1.0" encoding="UTF-8"?>
<testng-results ignored="1" total="2" passed="0" failed="1" skipped="0">
  <reporter-output>
  </reporter-output>
  <suite started-at="2025-05-07T07:47:59 IST" name="Default suite" finished-at="2025-05-07T07:51:04 IST" duration-ms="184989">
    <groups>
    </groups>
    <test started-at="2025-05-07T07:47:59 IST" name="Default test" finished-at="2025-05-07T07:51:04 IST" duration-ms="184989">
      <class name="Levich.google_sheets.testCase.TestCases">
        <test-method is-config="true" signature="reportSetUp()[pri:0, instance:Levich.google_sheets.testCase.TestCases@74e28667]" started-at="2025-05-07T07:47:59 IST" name="reportSetUp" finished-at="2025-05-07T07:47:59 IST" duration-ms="401" status="PASS">
          <reporter-output>
          </reporter-output>
        </test-method> <!-- reportSetUp -->
        <test-method is-config="true" signature="beforeMethod(java.lang.reflect.Method)[pri:0, instance:Levich.google_sheets.testCase.TestCases@74e28667]" started-at="2025-05-07T07:47:59 IST" name="beforeMethod" finished-at="2025-05-07T07:48:24 IST" duration-ms="24468" status="PASS">
          <params>
            <param index="0">
              <value>
                <![CDATA[public void Levich.google_sheets.testCase.TestCases.testCase_2()]]>
              </value>
            </param>
          </params>
          <reporter-output>
          </reporter-output>
        </test-method> <!-- beforeMethod -->
        <test-method signature="testCase_2()[pri:0, instance:Levich.google_sheets.testCase.TestCases@74e28667]" started-at="2025-05-07T07:48:24 IST" name="testCase_2" description="Verify data can be entered in a cell using keyboard actions" finished-at="2025-05-07T07:51:03 IST" duration-ms="159005" status="FAIL">
          <exception class="java.lang.AssertionError">
            <message>
              <![CDATA[Test case 2 failed due to: element not interactable: element has zero size
  (Session info: chrome=136.0.7103.48)
Build info: version: '4.25.0', revision: '8a8aea2337'
System info: os.name: 'Mac OS X', os.arch: 'x86_64', os.version: '15.3', java.version: '21.0.3'
Driver info: org.openqa.selenium.chrome.ChromeDriver
Command: [e3189f1e7bfe46ebda1ef05ac70d7b52, clickElement {id=f.A7D5AA8C27DC85C2675F62EFFE661820.d.E67E28011C7C47AB06A8FA11FE3E7D60.e.279}]
Capabilities {acceptInsecureCerts: false, browserName: chrome, browserVersion: 136.0.7103.48, chrome: {chromedriverVersion: 136.0.7103.49 (031848bc6ad0..., userDataDir: /Users/krishnakumar/eclipse...}, fedcm:accounts: true, goog:chromeOptions: {debuggerAddress: localhost:56336}, networkConnectionEnabled: false, pageLoadStrategy: normal, platformName: mac, proxy: Proxy(), se:cdp: ws://localhost:56336/devtoo..., se:cdpVersion: 136.0.7103.48, setWindowRect: true, strictFileInteractability: false, timeouts: {implicit: 0, pageLoad: 300000, script: 30000}, unhandledPromptBehavior: dismiss and notify, webauthn:extension:credBlob: true, webauthn:extension:largeBlob: true, webauthn:extension:minPinLength: true, webauthn:extension:prf: true, webauthn:virtualAuthenticators: true}
Element: [[ChromeDriver: chrome on mac (e3189f1e7bfe46ebda1ef05ac70d7b52)] -> xpath: //div[@class='waffle-background-container']]
Session ID: e3189f1e7bfe46ebda1ef05ac70d7b52]]>
            </message>
            <full-stacktrace>
              <![CDATA[java.lang.AssertionError: Test case 2 failed due to: element not interactable: element has zero size
  (Session info: chrome=136.0.7103.48)
Build info: version: '4.25.0', revision: '8a8aea2337'
System info: os.name: 'Mac OS X', os.arch: 'x86_64', os.version: '15.3', java.version: '21.0.3'
Driver info: org.openqa.selenium.chrome.ChromeDriver
Command: [e3189f1e7bfe46ebda1ef05ac70d7b52, clickElement {id=f.A7D5AA8C27DC85C2675F62EFFE661820.d.E67E28011C7C47AB06A8FA11FE3E7D60.e.279}]
Capabilities {acceptInsecureCerts: false, browserName: chrome, browserVersion: 136.0.7103.48, chrome: {chromedriverVersion: 136.0.7103.49 (031848bc6ad0..., userDataDir: /Users/krishnakumar/eclipse...}, fedcm:accounts: true, goog:chromeOptions: {debuggerAddress: localhost:56336}, networkConnectionEnabled: false, pageLoadStrategy: normal, platformName: mac, proxy: Proxy(), se:cdp: ws://localhost:56336/devtoo..., se:cdpVersion: 136.0.7103.48, setWindowRect: true, strictFileInteractability: false, timeouts: {implicit: 0, pageLoad: 300000, script: 30000}, unhandledPromptBehavior: dismiss and notify, webauthn:extension:credBlob: true, webauthn:extension:largeBlob: true, webauthn:extension:minPinLength: true, webauthn:extension:prf: true, webauthn:virtualAuthenticators: true}
Element: [[ChromeDriver: chrome on mac (e3189f1e7bfe46ebda1ef05ac70d7b52)] -> xpath: //div[@class='waffle-background-container']]
Session ID: e3189f1e7bfe46ebda1ef05ac70d7b52
at org.testng.Assert.fail(Assert.java:110)
at Levich.google_sheets.testCase.TestCases.testCase_2(TestCases.java:49)
at java.base/jdk.internal.reflect.DirectMethodHandleAccessor.invoke(DirectMethodHandleAccessor.java:103)
at java.base/java.lang.reflect.Method.invoke(Method.java:580)
at org.testng.internal.invokers.MethodInvocationHelper.invokeMethod(MethodInvocationHelper.java:139)
at org.testng.internal.invokers.TestInvoker.invokeMethod(TestInvoker.java:677)
at org.testng.internal.invokers.TestInvoker.invokeTestMethod(TestInvoker.java:221)
at org.testng.internal.invokers.MethodRunner.runInSequence(MethodRunner.java:50)
at org.testng.internal.invokers.TestInvoker$MethodInvocationAgent.invoke(TestInvoker.java:969)
at org.testng.internal.invokers.TestInvoker.invokeTestMethods(TestInvoker.java:194)
at org.testng.internal.invokers.TestMethodWorker.invokeTestMethods(TestMethodWorker.java:148)
at org.testng.internal.invokers.TestMethodWorker.run(TestMethodWorker.java:128)
at java.base/java.util.ArrayList.forEach(ArrayList.java:1596)
at org.testng.TestRunner.privateRun(TestRunner.java:829)
at org.testng.TestRunner.run(TestRunner.java:602)
at org.testng.SuiteRunner.runTest(SuiteRunner.java:437)
at org.testng.SuiteRunner.runSequentially(SuiteRunner.java:431)
at org.testng.SuiteRunner.privateRun(SuiteRunner.java:391)
at org.testng.SuiteRunner.run(SuiteRunner.java:330)
at org.testng.SuiteRunnerWorker.runSuite(SuiteRunnerWorker.java:52)
at org.testng.SuiteRunnerWorker.run(SuiteRunnerWorker.java:95)
at org.testng.TestNG.runSuitesSequentially(TestNG.java:1256)
at org.testng.TestNG.runSuitesLocally(TestNG.java:1176)
at org.testng.TestNG.runSuites(TestNG.java:1099)
at org.testng.TestNG.run(TestNG.java:1067)
at org.testng.remote.AbstractRemoteTestNG.run(AbstractRemoteTestNG.java:115)
at org.testng.remote.RemoteTestNG.initAndRun(RemoteTestNG.java:293)
at org.testng.remote.RemoteTestNG.main(RemoteTestNG.java:91)
]]>
            </full-stacktrace>
          </exception> <!-- java.lang.AssertionError -->
          <reporter-output>
          </reporter-output>
        </test-method> <!-- testCase_2 -->
        <test-method is-config="true" signature="afterMethod(org.testng.ITestResult)[pri:0, instance:Levich.google_sheets.testCase.TestCases@74e28667]" started-at="2025-05-07T07:51:03 IST" name="afterMethod" finished-at="2025-05-07T07:51:04 IST" duration-ms="1420" status="PASS">
          <params>
            <param index="0">
              <value>
                <![CDATA[[TestResult name=testCase_2 status=FAILURE method=TestCases.testCase_2()[pri:0, instance:Levich.google_sheets.testCase.TestCases@74e28667] output={null}]]]>
              </value>
            </param>
          </params>
          <reporter-output>
          </reporter-output>
        </test-method> <!-- afterMethod -->
        <test-method is-config="true" signature="teardownReport()[pri:0, instance:Levich.google_sheets.testCase.TestCases@74e28667]" started-at="2025-05-07T07:51:04 IST" name="teardownReport" finished-at="2025-05-07T07:51:05 IST" duration-ms="661" status="PASS">
          <reporter-output>
          </reporter-output>
        </test-method> <!-- teardownReport -->
      </class> <!-- Levich.google_sheets.testCase.TestCases -->
    </test> <!-- Default test -->
  </suite> <!-- Default suite -->
</testng-results>
